<?xml version="1.0" encoding="UTF-8"?>
<testsuite name="test2122t2.TodoListTests" tests="2" skipped="0" failures="0" errors="0" timestamp="2023-06-18T15:28:15" hostname="DESKTOP-4SCTDTH" time="0.072">
  <properties/>
  <testcase name="valid add TodoList()" classname="test2122t2.TodoListTests" time="0.048"/>
  <testcase name="Ã¬nvalid remove TodoList()" classname="test2122t2.TodoListTests" time="0.024"/>
  <system-out><![CDATA[]]></system-out>
  <system-err><![CDATA[]]></system-err>
</testsuite>
